<?xml version="1.0" encoding="UTF-8"?>
<testsuite xmlns:xsi="http://www.w3.org/2001/XMLSchema-instance" xsi:noNamespaceSchemaLocation="https://maven.apache.org/surefire/maven-surefire-plugin/xsd/surefire-test-report.xsd" version="3.0.2" name="clubDeportivo.clubDeportivoTest" time="0.103" tests="18" errors="0" skipped="0" failures="0">
  <properties>
[...]
</properties>
  <testcase name="crearGrupoValidoNombre" classname="clubDeportivo.clubDeportivoTest" time="0.0"/>
  <testcase name="matricularSegundoGrupo" classname="clubDeportivo.clubDeportivoTest" time="0.0"/>
  <testcase name="crearGrupoNegativo" classname="clubDeportivo.clubDeportivoTest" time="0.0"/>
  <testcase name="anyadirGrupoConDatosInvalidos" classname="clubDeportivo.clubDeportivoTest" time="0.017"/>
  <testcase name="anyadirGrupoExistente" classname="clubDeportivo.clubDeportivoTest" time="0.0"/>
  <testcase name="toStringVariosGrupos" classname="clubDeportivo.clubDeportivoTest" time="0.028"/>
  <testcase name="anyadirDosGrupos" classname="clubDeportivo.clubDeportivoTest" time="0.0"/>
  <testcase name="matricularDemasiasPersonas" classname="clubDeportivo.clubDeportivoTest" time="0.017"/>
  <testcase name="toStringFormatoCorrecto" classname="clubDeportivo.clubDeportivoTest" time="0.0"/>
  <testcase name="toStringClubVacio" classname="clubDeportivo.clubDeportivoTest" time="0.0"/>
  <testcase name="matricularPersonasAdecuadas" classname="clubDeportivo.clubDeportivoTest" time="0.0"/>
  <testcase name="crearGrupoValido" classname="clubDeportivo.clubDeportivoTest" time="0.0"/>
  <testcase name="plazasLibresNoExistente" classname="clubDeportivo.clubDeportivoTest" time="0.0"/>
  <testcase name="anyadirGrupoMedianteDatos" classname="clubDeportivo.clubDeportivoTest" time="0.0"/>
  <testcase name="matricularPersonasAdecuadasJusto" classname="clubDeportivo.clubDeportivoTest" time="0.0"/>
  <testcase name="anyadirGrupoNulo" classname="clubDeportivo.clubDeportivoTest" time="0.0"/>
  <testcase name="anyadirGrupoNoExistente" classname="clubDeportivo.clubDeportivoTest" time="0.0"/>
  <testcase name="plazasLibresCorrectas" classname="clubDeportivo.clubDeportivoTest" time="0.0"/>
</testsuite>