<?xml version="1.0" encoding="UTF-8"?>
<testsuite xmlns:xsi="http://www.w3.org/2001/XMLSchema-instance" xsi:noNamespaceSchemaLocation="https://maven.apache.org/surefire/maven-surefire-plugin/xsd/surefire-test-report.xsd" version="3.0.2" name="org.mps.ronqi2.ronQI2SilverTest" time="2.881" tests="15" errors="0" skipped="0" failures="0">
  <properties>
[...]
</properties>
  <testcase name="inicializar_llamaConfiguracionUnaVez" classname="org.mps.ronqi2.ronQI2SilverTest" time="2.717">
    <system-err><![CDATA[Mockito is currently self-attaching to enable the inline-mock-maker. This will no longer work in future releases of the JDK. Please add Mockito as an agent to your build as described in Mockito's documentation: https://javadoc.io/doc/org.mockito/mockito-core/latest/org/mockito/Mockito.html#0.3
WARNING: A Java agent has been loaded dynamically (C:\Users\Eduardo\.m2\repository\net\bytebuddy\byte-buddy-agent\1.15.11\byte-buddy-agent-1.15.11.jar)
WARNING: If a serviceability tool is in use, please run with -XX:+EnableDynamicAgentLoading to hide this warning
WARNING: If a serviceability tool is not in use, please run with -Djdk.instrument.traceUsage for more information
WARNING: Dynamic loading of agents will be disallowed by default in a future release
]]></system-err>
  </testcase>
  <testcase name="inicializar_sensorPresionFalso_daFalso" classname="org.mps.ronqi2.ronQI2SilverTest" time="0.01"/>
  <testcase name="reconectar_DispositivoDesconectadoYFallaSonido_daFalse" classname="org.mps.ronqi2.ronQI2SilverTest" time="0.007"/>
  <testcase name="inicializar_dispositivoNulo_daExcepcion" classname="org.mps.ronqi2.ronQI2SilverTest" time="0.007"/>
  <testcase name="reconectar_DispositivoDesconectadoYSensoresConectan_daTrue" classname="org.mps.ronqi2.ronQI2SilverTest" time="0.006"/>
  <testcase name="estaConectado_DispositivoDesconectado_daFalse" classname="org.mps.ronqi2.ronQI2SilverTest" time="0.003"/>
  <testcase name="estaConectado_DispositivoConectado_daTrue" classname="org.mps.ronqi2.ronQI2SilverTest" time="0.003"/>
  <testcase name="inicializar_sensorSonidoFalso_daFalso" classname="org.mps.ronqi2.ronQI2SilverTest" time="0.007"/>
  <testcase name="anyadirDispositivo_DispositivoValido_AsignaDispositivo" classname="org.mps.ronqi2.ronQI2SilverTest" time="0.003"/>
  <testcase name="reconectar_DispositivoConectado_daFalse" classname="org.mps.ronqi2.ronQI2SilverTest" time="0.005"/>
  <testcase name="reconectar_DispositivoDesconectadoYFallaPresion_daFalse" classname="org.mps.ronqi2.ronQI2SilverTest" time="0.005"/>
  <testcase name="inicializar_configPresionFalso_daFalso" classname="org.mps.ronqi2.ronQI2SilverTest" time="0.006"/>
  <testcase name="estaConectado_DispositivoNulo_daExcepcion" classname="org.mps.ronqi2.ronQI2SilverTest" time="0.002"/>
  <testcase name="anyadirDispositivo_DispositivoNulo_AsignaNulo" classname="org.mps.ronqi2.ronQI2SilverTest" time="0.003"/>
  <testcase name="inicializar_configSonidoFalso_daFalso" classname="org.mps.ronqi2.ronQI2SilverTest" time="0.006"/>
</testsuite>